[ INSTALLATION SUCCESSFUL ]  
> Energy Core connected to Port Y.  
> Power levels stabilizing...  
> Systems rebooting...  

SHIP DIAGNOSTICS:  
- Power: ONLINE  
- Navigation: ENABLED  
- Engines: READY  

Escape sequence initiated.  
Mission complete.
⠀⠀⠀⠀⠀⠀⠀⠀⠀⠀⠀⠀⠀⠀⠀⠀⠀⠀⠈⠀⠀⠀⠀⠀⠀⠀⠀⠀⠀⠀⠀⠀⠀⠀⠀⠀
⠀⠀⠀⠀⠀⢰⠀⠀⠀⠀⠀⠀⠀⠀⠀⠀⠀⠀⠀⠀⠀⠀⢀⡠⠖⠒⠒⠦⡄⠀⢠⠄⠀⠀⠀⠀
⠀⠀⠀⠀⠒⠀⠠⠄⠀⠀⠀⠀⠀⠀⠀⠐⠀⠀⠀⠀⠀⢠⣋⠂⢀⠀⠀⠀⠀⡠⠞⠀⠀⠀⠄⠀
⠂⠀⠀⠀⠀⠨⠀⠀⠀⠀⠀⠀⠀⠀⠀⠀⠀⠀⠀⠀⠀⢸⣿⡏⠀⣠⠔⠋⠀⠈⡇⠐⠀⠀⠀⠀
⠀⠀⠀⠀⠀⠀⠀⠀⠀⠀⠀⠠⠀⠀⠀⠀⢀⠀⠀⠀⠀⠈⡣⣺⣥⣶⡀⠀⠄⣰⠁⠀⠀⠀⠀⠀
⠀⠀⠀⠀⠀⠀⠀⠀⠀⠀⠀⠀⠀⠀⠀⠀⠀⠀⠀⠀⠚⠉⠘⠮⢍⣝⡥⠞⠁⠀⠀⠀⠀⠐⠀⠀
⠀⠀⠀⠀⠀⠀⠀⠀⠀⠀⠀⠀⠀⠀⢀⠀⠀⠀⠀⠀⠀⠀⠀⠀⠀⠀⠀⠀⠠⠀⠀⠀⠀⠀⠀⠀
⠀⠁⠀⠀⠀⠀⠄⠀⠀⠀⠀⠈⠀⠀⠀⠀⠀⠀⠀⠀⠀⠀⠀⠀⠀⠀⠀⠀⠀⠀⠀⠀⠀⠄⠀⠀
⠀⠀⠀⠀⠀⠀⠀⠀⠀⠀⠀⠀⠀⠀⠀⠀⠀⠀⠂⠀⠀⠀⠀⠀⠀⠀⠀⠀⠀⠀⠀⠀⠀⠀⠀⠀
⢀⠀⠀⠀⠀⠀⠀⠀⠀⠀⠀⣀⣀⠀⠀⠀⠀⠀⠀⠀⠀⠁⠀⠀⠀⠁⠀⠀⠀⠀⠀⠀⠀⠀⠀⠀
⠀⠀⠀⠀⠀⠀⠀⢀⠔⠋⢠⠔⠊⠁⠀⠀⠉⠳⡄⠀⠀⠀⠀⠀⠀⠀⠀⠂⠀⠀⠀⠀⠀⠀⠀⢀
⠀⠀⠀⠀⠀⠀⠎⠁⣠⠊⠀⢀⡤⠂⠊⠉⠉⠉⠻⡆⠀⠀⠀⠀⠀⠀⠀⠀⠀⠀⠀⠀⠀⠀⠀⠀
⠀⠀⠀⠀⢀⠎⠀⠀⠀⠀⡐⠁⣠⠖⢦⠀⠸⡀⠀⠙⡄⠀⠀⠀⠀⠀⠀⠀⠀⡀⠀⠀⠀⠀⠀⠀
⠄⠀⠀⠀⡜⢠⠀⠀⠀⢐⠃⠀⡇⠀⢸⠀⠀⢸⠀⠀⢱⠀⠀⠀⠀⠀⠀⠀⠀⠀⠀⠀⠀⠀⠀⠀
⠀⠀⠀⠀⢊⠘⡄⠀⠀⠘⢆⣀⣀⣠⠃⠀⢠⠏⠀⠀⠰⠀⠀⠀⠀⠀⠀⠀⠀⠀⠀⠀⠀⠀⠀⠀
⠀⠀⠀⠀⠘⣆⢳⡀⠀⠀⠀⠀⠀⣀⣀⡴⠊⠁⠀⠀⡆⠀⠀⠀⠀⠀⠁⠀⠀⠀⠀⠀⠀⠂⠀⠀
⠀⠀⠠⠀⠀⠀⠘⠪⠑⠒⠀⠀⠀⠀⠀⠀⠀⢀⡠⠃⠀⠀⠀⠀⠀⠀⠀⠀⠀⠀⠀⠀⠀⠀⠀⠀
⠀⠀⠀⠀⠀⠀⠀⠀⠀⠈⠀⠁⠈⠈⠈⠈⠁⠀⠀⠀⠀⠀⠀⠀⠀⠀⠀⠀⠀⠀⠀⠀⠀⠀⠀⠀
⠀⠀⠀⠀⠀⠀⠀⠀⠀⠀⠀⠀⠀⠀⠀⠀⠀⠀⠀⠀⠀⠀⠀⠀⠀⠀⠀⠀⠀⠀
⠀⠀⠀⠀⠀⠀⠀⠀⠀⠀⠀⠀⣀⣴⡇⢸⣦⣀⠀⠀⠀⠀⠀⠀⠀⠀⠀⠀⠀⠀
⠀⠀⠀⠀⠀⠀⠀⠀⠀⠀⠀⣼⠟⠛⠃⠘⠛⠻⣧⠀⠀⠀⠀⠀⠀⠀⠀⠀⠀⠀
⠀⠀⠀⠀⠀⠀⠀⠀⠀⠀⣼⣇⠀⠀⠀⠀⠀⠀⣸⣧⠀⠀⠀⠀⠀⠀⠀⠀⠀⠀
⠀⠀⠀⠀⠀⠀⠀⠀⠀⣼⣿⣿⣿⣶⣄⣠⣶⣿⣿⣿⣧⠀⠀⠀⠀⠀⠀⠀⠀⠀
⠀⠀⠀⠀⠀⠀⠀⠀⣼⣿⠿⠟⠛⠛⠛⠛⠛⠛⠻⠿⣿⣧⠀⠀⠀⠀⠀⠀⠀⠀
⠀⠀⢿⣧⠀⠀⠀⠀⠘⠛⠀⢴⠟⢠⣾⣷⡄⠻⡦⠀⠛⠃⠀⠀⠀⠀⣼⡿⠀⠀
⠀⠀⣠⣤⣤⣴⣶⣶⣾⣿⡧⠀⣴⣿⣿⣿⣿⣦⠀⢼⣿⣷⣶⣶⣦⣤⣤⣄⠀⠀
⠀⠀⠹⣿⣿⣿⣿⣿⡿⢋⣴⡀⢻⣿⣿⣿⣿⡟⢀⣦⡙⢿⣿⣿⣿⣿⣿⠏⠀⠀
⠀⠀⠀⠹⣿⣿⡿⠋⣰⡿⠟⠃⠈⣿⣿⣿⣿⠁⠘⠻⢿⣆⠙⢿⣿⣿⠏⠀⠀⠀
⠀⠀⠀⠀⠹⠋⠀⠈⠀⠀⠰⣿⡄⠙⠛⠛⠋⢠⣿⠆⠀⠀⠁⠀⠙⠏⠀⠀⠀⠀
⠀⠀⠀⠀⠀⠀⠸⠇⠀⠀⠀⢿⣿⣿⡇⢸⣿⣿⡿⠀⠀⠀⠸⠇⠀⠀⠀⠀⠀⠀
⠀⠀⠀⠀⠀⠀⠀⠀⠀⠀⠀⠸⣿⣿⡇⢸⣿⣿⠇⠀⠀⠀⠀⠀⠀⠀⠀⠀⠀⠀
⠀⠀⠀⠀⠀⠀⠀⠀⠀⠀⠀⢠⣶⡆⠀⠀⢰⣶⡄⠀⠀⠀⠀⠀⠀⠀⠀⠀⠀⠀
⠀⠀⠀⠀⠀⠀⠀⠀⠀⠀⠀⠈⠉⠁⠀⠀⠈⠉⠁⠀⠀⠀⠀⠀⠀⠀⠀⠀⠀⠀
