[ ERROR: POWER SURGE DETECTED ]  
> Energy Core connected to Port X.  
> WARNING: Power levels exceeding safe limits...  

SHIP DIAGNOSTICS:  
- Power: CRITICAL  
- Navigation: OFFLINE  
- Engines: FAILURE  

> EMERGENCY OVERRIDE FAILED...  
> WARNING: SYSTEMS MELTDOWN IN 3... 2...  

[ CONNECTION LOST ]
⠀⠀⠀⠀⠀⠀⠀⠀⠀⠀⠀⠀⣔⠛⠛⠛⠛⣲⠀⠀⠀⠀⠀⠀⠀⠀⠀⠀⠀⠀⠀⠀⠀⠀⠀⠀⠀⠀⠀⠀⠀⠀
⠀⠀⠀⠀⠀⠀⠀⠀⠀⠀⠀⠀⠻⣶⠶⠶⢿⡟⠀⠀⠀⠀⠀⠀⠀⠀⠀⠀⠀⠀⠀⠀⠀⠀⠀⠀⠀⠀⠀⠀⠀⠀
⠀⠀⠀⠀⠀⠀⠀⠀⠀⠀⠀⠀⠀⢿⣿⠶⠾⣿⠀⠀⠀⠀⠀⠀⠀⠀⠀⠀⠀⠀⠀⠀⠀⠀⠀⠀⠀⠀⠀⠀⠀⠀
⠀⠀⠀⠀⠀⠀⠀⠀⠀⠀⠀⠀⠀⢸⣿⡟⠒⠾⡇⠀⠀⠀⠀⠀⠀⠀⠀⠀⠀⠀⠀⠀⠀⠀⠀⠀⠀⠀⠀⠀⠀⠀
⠀⠀⠀⠀⠀⠀⠀⠀⠀⠀⠀⠀⠀⠀⢻⣟⣻⣿⣿⣤⠶⠶⠶⢶⣄⠀⠀⠀⠀⠀⠀⠀⠀⠀⠀⠀⠀⠀⠀⠀⠀⠀
⠀⠀⠀⠀⠀⠀⠀⠀⠀⠀⢀⣤⠶⠖⠛⠋⠉⠁⣀⣀⣤⣤⡄⠀⣻⡆⠀⠀⠀⠀⠀⠀⠀⠀⠀⠀⠀⠀⠀⠀⠀⠀
⠀⠀⠀⠀⠀⠀⠀⠀⠀⢠⡟⢁⣤⣤⣤⣤⣼⣷⡾⠟⣿⡻⣿⡿⠟⠀⠀⠀⠀⠀⠀⠀⠀⠀⠀⠀⠀⠀⠀⠀⠀⠀
⠀⠀⠀⠀⠀⠀⠀⠀⠀⠈⢿⣼⣬⣽⠏⣿⠀⠈⣧⠀⠸⣧⠀⠀⠀⠀⠀⠀⠀⠀⠀⠀⠀⠀⠀⠀⠀⠀⠀⠀⠀⠀
⠀⠀⠀⠀⠀⠀⠀⠀⠀⠀⠀⠉⠉⠁⠀⢹⣆⠀⢹⡄⠀⢻⡆⠀⠀⠀⠀⠀⠀⠀⠀⠀⠀⠀⠀⠀⠀⠀⠀⠀⠀⠀
⠀⠀⠀⠀⠀⠀⠀⠀⠀⠀⠀⠀⠀⠀⠀⠀⣿⠀⠀⣧⠀⠀⣿⡀⠀⠀⠀⠀⠀⠀⠀⠀⠀⠀⠀⠀⠀⠀⠀⠀⠀⠀
⠀⠀⠀⠀⠀⠀⠀⠀⠀⠀⠀⠀⠀⠀⠀⢀⣻⡄⠀⢸⡆⠀⠸⣟⠛⠳⠶⣦⣄⡀⠀⠀⠀⠀⠀⠀⠀⠀⠀⠀⠀⠀
⠀⠀⠀⠀⠀⠀⠀⠀⠀⠀⠀⠀⠀⣀⣴⠟⠉⣿⣀⡀⣿⣠⣤⡿⠶⠆⠀⠀⠉⠛⢷⣄⠀⠀⠀⠀⠀⠀⠀⠀⠀⠀
⠀⠀⠀⠀⠀⠀⠀⠀⠀⠀⠀⢀⣼⠟⠀⠀⠶⠋⠉⠙⠛⠁⠀⠀⠀⠀⠀⠀⠀⠀⠀⠙⣷⡀⠀⠀⠀⠀⠀⠀⠀⠀
⠀⠀⠀⠀⠀⠀⠀⠀⠀⠀⢀⡾⠁⠀⠀⠀⠀⠀⠀⠀⠀⠀⠀⠀⠀⠀⠀⠀⠀⠀⠀⠀⠈⢿⡄⠀⠀⠀⠀⠀⠀⠀
⠀⠀⠀⠀⠀⠀⠀⠀⠀⠀⣼⠃⠀⠀⠀⠀⠀⠀⠀⠀⠀⠀⠀⠀⠀⠀⠀⠀⠀⢀⡀⠀⠀⠈⣷⠀⠀⠀⠀⠀⠀⠀
⠀⠀⠀⠀⠀⠀⠀⠀⠀⢰⣿⡀⠀⠀⠀⠀⢀⣴⣶⣦⣆⢄⠀⠀⠀⠀⠀⠀⢠⣶⣿⣶⡀⠀⢸⡇⠀⠀⠀⠀⠀⠀
⠀⠀⠀⠀⠀⠀⠀⠀⠀⢸⣿⠀⠀⠀⠀⠀⣽⣿⣿⣿⣿⣷⡧⠀⠀⠀⠀⠀⣿⣿⣿⣿⣷⡀⠈⡇⠀⠀⠀⠀⠀⠀
⠀⠀⠀⠀⠀⠀⠀⠀⠀⠈⣿⡀⠀⠀⠀⠀⣿⣿⣿⣿⣿⣿⡇⠀⠀⠀⠀⠀⢻⣿⣿⣿⡿⠀⢰⡇⠀⠀⠀⠀⠀⠀
⠀⠀⠀⠀⠀⣀⣀⡀⣀⣀⠸⣧⠠⡀⠀⠀⠻⣿⣿⣿⣿⣿⠃⠀⢀⣾⣧⡀⠀⠛⠿⠟⠁⢀⡾⠁⠀⠀⠀⠀⠀⠀
⠀⣀⣤⣴⣎⢁⣬⣿⣏⣉⣷⠙⢷⣌⠠⠀⠀⠈⠛⠛⠛⠁⠀⠀⠸⠟⠛⠋⠀⠀⠀⢀⣴⠟⠁⢀⣠⣀⠀⣀⣀⠀
⠿⣇⣀⣾⠋⢻⣧⡴⣿⡉⣹⣇⠀⠙⠳⢦⣤⣤⣤⣤⡤⣀⠀⠀⡀⠀⠀⠀⡀⠀⠀⢸⡇⠀⣰⣯⣡⣽⣿⠉⢹⡧
⠀⢀⡼⠛⠷⣻⣧⣀⣼⣟⣉⣉⣿⠚⠳⣦⠀⠀⠈⠉⢿⣄⡀⣀⣿⣄⣀⣰⡿⣦⣤⡾⠁⢼⡋⣹⣧⣀⡽⠛⠻⣇
⠀⠸⠧⠴⢚⣯⣼⣏⣀⣸⣿⡉⢉⣿⡛⠛⣷⠀⠀⠀⠀⠉⠛⠋⠀⠙⠙⠋⠁⠉⠻⠇⠀⠈⣹⣏⡀⣈⣿⣤⣴⠏
⠀⠀⠀⣰⠏⠁⠀⠈⣟⠁⠈⢹⡏⠉⠙⣿⠋⠀⣖⠛⠛⢶⣄⡄⠀⠀⠀⠀⠀⠀⠀⠀⠀⠀⠀⠈⠉⠉⠁⠀⠀⠀
⠀⠀⠀⠛⠒⠒⠒⣻⠛⠳⠶⣿⠛⠶⠾⠋⠀⠀⠙⠶⢥⡥⠟⠁⠀⠀⠀⠀⠀⠀⠀⠀⠀⠀⠀⠀⠀⠀⠀⠀⠀⠀
⠀⠀⠀⠀⠀⠀⠀⢻⣀⣠⡴⠃⠀⠀⠀⠀⠀⠀⠀⠀⠀⠀⠀⠀⠀⠀⠀⠀⠀⠀⠀⠀⠀⠀⠀⠀⠀⠀⠀⠀⠀⠀
